**********************
Windows PowerShell transcript start
Start time: 20150319095746
Username: XCELIGENT\ehaack
RunAs User: XCELIGENT\ehaack
Machine: EHAACK-NIMITZ (Microsoft Windows NT 6.3.9600.0)
Host Application: C:\WINDOWS\system32\WindowsPowerShell\v1.0\powershell.exe
Process ID: 15608
**********************
Transcript started, output file is TFS-UpdateBasicTemplate.ps1-2015-03-19.log

	Script Start-Time: 03/19/2015 09:57:46

D:\TFS\Portfolio\Product\CDX\Development\Development-Main\Xceligent.CDX\Xsl\ExtraExtra:
BasicTemplate.xsl
TF10139: The following check-in policies have not been satisfied:
  You must associate this check-in with one or more work items.

The policies have been overridden.
D:\TFS\Portfolio\Product\CDX\Development\Development-Main\Xceligent.CDX\Xsl\ExtraExtra:
Checking in edit: BasicTemplate.xsl

The following changes were not checked in because the items were not modified.
  Undoing edit: D:\TFS\Portfolio\Product\CDX\Development\Development-Main\Xceligent.CDX\Xsl\ExtraExtra\BasicTemplate.xsl


There are no remaining changes to check in.
D:\TFS\Portfolio\Product\CDX\Development\Development-Main\Xceligent.CDX\ExtraExtra\xsl:
BasicTemplate.xsl
TF10139: The following check-in policies have not been satisfied:
  You must associate this check-in with one or more work items.

The policies have been overridden.
D:\TFS\Portfolio\Product\CDX\Development\Development-Main\Xceligent.CDX\ExtraExtra\xsl:
Checking in edit: BasicTemplate.xsl

The following changes were not checked in because the items were not modified.
  Undoing edit: D:\TFS\Portfolio\Product\CDX\Development\Development-Main\Xceligent.CDX\ExtraExtra\xsl\BasicTemplate.xsl


There are no remaining changes to check in.

PS C:\Users\ehaack\Google Drive\Scripts\Xceligent> .\TFS-UpdateBasicTemplate.ps1
**********************
Windows PowerShell transcript start
Start time: 20150319095902
Username: XCELIGENT\ehaack
RunAs User: XCELIGENT\ehaack
Machine: EHAACK-NIMITZ (Microsoft Windows NT 6.3.9600.0)
Host Application: C:\WINDOWS\system32\WindowsPowerShell\v1.0\powershell.exe
Process ID: 15608
**********************
Transcript started, output file is TFS-UpdateBasicTemplate.ps1-2015-03-19.log
Transcript started, output file is TFS-UpdateBasicTemplate.ps1-2015-03-19.log


	Script Start-Time: 03/19/2015 09:59:02
	Script Start-Time: 03/19/2015 09:59:02


D:\TFS\Portfolio\Product\CDX\Development\Development-Main\Xceligent.CDX\Xsl\ExtraExtra:
BasicTemplate.xsl
D:\TFS\Portfolio\Product\CDX\Development\Development-Main\Xceligent.CDX\Xsl\ExtraExtra:
BasicTemplate.xsl
TF10139: The following check-in policies have not been satisfied:
  You must associate this check-in with one or more work items.

The policies have been overridden.
D:\TFS\Portfolio\Product\CDX\Development\Development-Main\Xceligent.CDX\Xsl\ExtraExtra:
Checking in edit: BasicTemplate.xsl

Changeset #7050 checked in.
TF10139: The following check-in policies have not been satisfied:
  You must associate this check-in with one or more work items.

The policies have been overridden.
D:\TFS\Portfolio\Product\CDX\Development\Development-Main\Xceligent.CDX\Xsl\ExtraExtra:
Checking in edit: BasicTemplate.xsl

Changeset #7050 checked in.
D:\TFS\Portfolio\Product\CDX\Development\Development-Main\Xceligent.CDX\ExtraExtra\xsl:
BasicTemplate.xsl
D:\TFS\Portfolio\Product\CDX\Development\Development-Main\Xceligent.CDX\ExtraExtra\xsl:
BasicTemplate.xsl
TF10139: The following check-in policies have not been satisfied:
  You must associate this check-in with one or more work items.

The policies have been overridden.
D:\TFS\Portfolio\Product\CDX\Development\Development-Main\Xceligent.CDX\ExtraExtra\xsl:
Checking in edit: BasicTemplate.xsl

Changeset #7051 checked in.
TF10139: The following check-in policies have not been satisfied:
  You must associate this check-in with one or more work items.

The policies have been overridden.
D:\TFS\Portfolio\Product\CDX\Development\Development-Main\Xceligent.CDX\ExtraExtra\xsl:
Checking in edit: BasicTemplate.xsl

Changeset #7051 checked in.
**********************
Windows PowerShell transcript end
End time: 20150330151226
**********************
**********************
Windows PowerShell transcript end
End time: 20150330151226
**********************
