******************************** Started ********************************
ScriptEditor.exe Error: 2 : CollectAndSend start
    ProcessId=20276
    ThreadId=1
    DateTime=2015-10-07T15:13:22.3548517Z
ScriptEditor.exe Error: 2 : CollectAndSend stop
    ProcessId=20276
    ThreadId=1
    DateTime=2015-10-07T15:13:22.3548517Z
ScriptEditor.exe Error: 2 : CollectAndSend start
    ProcessId=20276
    ThreadId=1
    DateTime=2015-10-07T15:13:22.3548517Z
ScriptEditor.exe Error: 2 : CollectAndSend stop
    ProcessId=20276
    ThreadId=1
    DateTime=2015-10-07T15:13:22.3548517Z
ScriptEditor.exe Error: 2 : IsOffline start
    ProcessId=20276
    ThreadId=1
    DateTime=2015-10-07T15:13:22.3548517Z
ScriptEditor.exe Error: 2 : IsOffline stop
    ProcessId=20276
    ThreadId=1
    DateTime=2015-10-07T15:13:22.7611635Z
