******************************** Started ********************************
ScriptEditor.exe Error: 2 : CollectAndSend start
    ProcessId=13932
    ThreadId=1
    DateTime=2015-03-11T21:42:29.6519179Z
ScriptEditor.exe Error: 2 : CollectAndSend stop
    ProcessId=13932
    ThreadId=1
    DateTime=2015-03-11T21:42:29.6529087Z
ScriptEditor.exe Error: 2 : CollectAndSend start
    ProcessId=13932
    ThreadId=1
    DateTime=2015-03-11T21:42:29.6529087Z
ScriptEditor.exe Error: 2 : CollectAndSend stop
    ProcessId=13932
    ThreadId=1
    DateTime=2015-03-11T21:42:29.6529087Z
ScriptEditor.exe Error: 2 : IsOffline start
    ProcessId=13932
    ThreadId=1
    DateTime=2015-03-11T21:42:29.6529087Z
ScriptEditor.exe Error: 2 : IsOffline stop
    ProcessId=13932
    ThreadId=1
    DateTime=2015-03-11T21:42:30.0134073Z
