******************************** Started ********************************
ScriptEditor.exe Error: 2 : CollectAndSend start
    ProcessId=18228
    ThreadId=1
    DateTime=2015-03-30T14:34:43.9352045Z
ScriptEditor.exe Error: 2 : CollectAndSend stop
    ProcessId=18228
    ThreadId=1
    DateTime=2015-03-30T14:34:43.9352045Z
ScriptEditor.exe Error: 2 : CollectAndSend start
    ProcessId=18228
    ThreadId=1
    DateTime=2015-03-30T14:34:43.9352045Z
ScriptEditor.exe Error: 2 : CollectAndSend stop
    ProcessId=18228
    ThreadId=1
    DateTime=2015-03-30T14:34:43.9352045Z
ScriptEditor.exe Error: 2 : IsOffline start
    ProcessId=18228
    ThreadId=1
    DateTime=2015-03-30T14:34:43.9352045Z
ScriptEditor.exe Error: 2 : IsOffline stop
    ProcessId=18228
    ThreadId=1
    DateTime=2015-03-30T14:34:44.3229998Z
