******************************** Started ********************************
ScriptEditor.exe Error: 2 : CollectAndSend start
    ProcessId=12000
    ThreadId=1
    DateTime=2014-10-16T22:16:40.9129771Z
ScriptEditor.exe Error: 2 : CollectAndSend start
    ProcessId=12000
    ThreadId=1
    DateTime=2014-10-16T22:16:40.9286221Z
ScriptEditor.exe Error: 2 : CollectAndSend stop
    ProcessId=12000
    ThreadId=1
    DateTime=2014-10-16T22:16:40.9286221Z
ScriptEditor.exe Error: 2 : CollectAndSend stop
    ProcessId=12000
    ThreadId=1
    DateTime=2014-10-16T22:16:40.9573512Z
ScriptEditor.exe Error: 2 : CollectAndSend start
    ProcessId=12000
    ThreadId=1
    DateTime=2014-10-16T22:16:40.9573512Z
ScriptEditor.exe Error: 2 : CollectAndSend stop
    ProcessId=12000
    ThreadId=1
    DateTime=2014-10-16T22:16:40.9573512Z
ScriptEditor.exe Error: 2 : IsOffline start
    ProcessId=12000
    ThreadId=1
    DateTime=2014-10-16T22:16:40.9573512Z
ScriptEditor.exe Error: 2 : IsOffline stop
    ProcessId=12000
    ThreadId=1
    DateTime=2014-10-16T22:16:41.7399853Z
