******************************** Started ********************************
ScriptEditor.exe Error: 2 : CollectAndSend start
    ProcessId=9796
    ThreadId=1
    DateTime=2015-05-10T05:17:03.2523872Z
ScriptEditor.exe Error: 2 : CollectAndSend stop
    ProcessId=9796
    ThreadId=1
    DateTime=2015-05-10T05:17:03.2523872Z
ScriptEditor.exe Error: 2 : CollectAndSend start
    ProcessId=9796
    ThreadId=1
    DateTime=2015-05-10T05:17:03.2523872Z
ScriptEditor.exe Error: 2 : CollectAndSend stop
    ProcessId=9796
    ThreadId=1
    DateTime=2015-05-10T05:17:03.2523872Z
ScriptEditor.exe Error: 2 : IsOffline start
    ProcessId=9796
    ThreadId=1
    DateTime=2015-05-10T05:17:03.2523872Z
ScriptEditor.exe Error: 2 : IsOffline stop
    ProcessId=9796
    ThreadId=1
    DateTime=2015-05-10T05:17:04.5314284Z
