******************************** Started ********************************
ScriptEditor.exe Error: 2 : CollectAndSend start
    ProcessId=3692
    ThreadId=1
    DateTime=2015-05-10T01:49:36.0545341Z
ScriptEditor.exe Error: 2 : CollectAndSend stop
    ProcessId=3692
    ThreadId=1
    DateTime=2015-05-10T01:49:36.0545341Z
ScriptEditor.exe Error: 2 : CollectAndSend start
    ProcessId=3692
    ThreadId=1
    DateTime=2015-05-10T01:49:36.0545341Z
ScriptEditor.exe Error: 2 : CollectAndSend stop
    ProcessId=3692
    ThreadId=1
    DateTime=2015-05-10T01:49:36.0545341Z
ScriptEditor.exe Error: 2 : IsOffline start
    ProcessId=3692
    ThreadId=1
    DateTime=2015-05-10T01:49:36.0545341Z
ScriptEditor.exe Error: 2 : IsOffline stop
    ProcessId=3692
    ThreadId=1
    DateTime=2015-05-10T01:49:41.4810738Z
