******************************** Started ********************************
ScriptEditor.exe Error: 2 : CollectAndSend start
    ProcessId=18256
    ThreadId=1
    DateTime=2015-08-07T18:36:29.5194779Z
ScriptEditor.exe Error: 2 : CollectAndSend stop
    ProcessId=18256
    ThreadId=1
    DateTime=2015-08-07T18:36:29.5194779Z
ScriptEditor.exe Error: 2 : CollectAndSend start
    ProcessId=18256
    ThreadId=1
    DateTime=2015-08-07T18:36:29.5194779Z
ScriptEditor.exe Error: 2 : CollectAndSend stop
    ProcessId=18256
    ThreadId=1
    DateTime=2015-08-07T18:36:29.5194779Z
ScriptEditor.exe Error: 2 : IsOffline start
    ProcessId=18256
    ThreadId=1
    DateTime=2015-08-07T18:36:29.5194779Z
ScriptEditor.exe Error: 2 : IsOffline stop
    ProcessId=18256
    ThreadId=1
    DateTime=2015-08-07T18:36:29.7989013Z
