******************************** Started ********************************
ScriptEditor.exe Error: 2 : CollectAndSend start
    ProcessId=14240
    ThreadId=1
    DateTime=2014-12-08T15:44:18.7976902Z
ScriptEditor.exe Error: 2 : CollectAndSend stop
    ProcessId=14240
    ThreadId=1
    DateTime=2014-12-08T15:44:18.7976902Z
ScriptEditor.exe Error: 2 : CollectAndSend start
    ProcessId=14240
    ThreadId=1
    DateTime=2014-12-08T15:44:18.7976902Z
ScriptEditor.exe Error: 2 : CollectAndSend stop
    ProcessId=14240
    ThreadId=1
    DateTime=2014-12-08T15:44:18.7976902Z
ScriptEditor.exe Error: 2 : IsOffline start
    ProcessId=14240
    ThreadId=1
    DateTime=2014-12-08T15:44:18.7976902Z
ScriptEditor.exe Error: 2 : IsOffline stop
    ProcessId=14240
    ThreadId=1
    DateTime=2014-12-08T15:44:19.2508150Z
