******************************** Started ********************************
ScriptEditor.exe Error: 2 : CollectAndSend start
    ProcessId=9272
    ThreadId=1
    DateTime=2015-06-23T19:33:58.4043992Z
ScriptEditor.exe Error: 2 : CollectAndSend stop
    ProcessId=9272
    ThreadId=1
    DateTime=2015-06-23T19:33:58.4054004Z
ScriptEditor.exe Error: 2 : CollectAndSend start
    ProcessId=9272
    ThreadId=1
    DateTime=2015-06-23T19:33:58.4054004Z
ScriptEditor.exe Error: 2 : CollectAndSend stop
    ProcessId=9272
    ThreadId=1
    DateTime=2015-06-23T19:33:58.4054004Z
ScriptEditor.exe Error: 2 : IsOffline start
    ProcessId=9272
    ThreadId=1
    DateTime=2015-06-23T19:33:58.4054004Z
ScriptEditor.exe Error: 2 : IsOffline stop
    ProcessId=9272
    ThreadId=1
    DateTime=2015-06-23T19:33:58.8767387Z
