******************************** Started ********************************
ScriptEditor.exe Error: 2 : CollectAndSend start
    ProcessId=18688
    ThreadId=1
    DateTime=2015-04-07T18:42:32.0816686Z
ScriptEditor.exe Error: 2 : CollectAndSend stop
    ProcessId=18688
    ThreadId=1
    DateTime=2015-04-07T18:42:32.0816686Z
ScriptEditor.exe Error: 2 : CollectAndSend start
    ProcessId=18688
    ThreadId=1
    DateTime=2015-04-07T18:42:32.0816686Z
ScriptEditor.exe Error: 2 : CollectAndSend stop
    ProcessId=18688
    ThreadId=1
    DateTime=2015-04-07T18:42:32.0816686Z
ScriptEditor.exe Error: 2 : IsOffline start
    ProcessId=18688
    ThreadId=1
    DateTime=2015-04-07T18:42:32.0816686Z
ScriptEditor.exe Error: 2 : IsOffline stop
    ProcessId=18688
    ThreadId=1
    DateTime=2015-04-07T18:42:32.5969678Z
