******************************** Started ********************************
ScriptEditor.exe Error: 2 : CollectAndSend start
    ProcessId=23132
    ThreadId=1
    DateTime=2015-09-03T14:30:56.1928756Z
ScriptEditor.exe Error: 2 : CollectAndSend stop
    ProcessId=23132
    ThreadId=1
    DateTime=2015-09-03T14:30:56.1938759Z
ScriptEditor.exe Error: 2 : CollectAndSend start
    ProcessId=23132
    ThreadId=1
    DateTime=2015-09-03T14:30:56.1938759Z
ScriptEditor.exe Error: 2 : CollectAndSend stop
    ProcessId=23132
    ThreadId=1
    DateTime=2015-09-03T14:30:56.1938759Z
ScriptEditor.exe Error: 2 : IsOffline start
    ProcessId=23132
    ThreadId=1
    DateTime=2015-09-03T14:30:56.1938759Z
ScriptEditor.exe Error: 2 : IsOffline stop
    ProcessId=23132
    ThreadId=1
    DateTime=2015-09-03T14:30:56.3774157Z
