******************************** Started ********************************
ScriptEditor.exe Error: 2 : CollectAndSend start
    ProcessId=6932
    ThreadId=1
    DateTime=2015-05-11T14:35:46.9939654Z
ScriptEditor.exe Error: 2 : CollectAndSend stop
    ProcessId=6932
    ThreadId=1
    DateTime=2015-05-11T14:35:46.9980989Z
ScriptEditor.exe Error: 2 : CollectAndSend start
    ProcessId=6932
    ThreadId=1
    DateTime=2015-05-11T14:35:46.9980989Z
ScriptEditor.exe Error: 2 : CollectAndSend stop
    ProcessId=6932
    ThreadId=1
    DateTime=2015-05-11T14:35:46.9980989Z
ScriptEditor.exe Error: 2 : IsOffline start
    ProcessId=6932
    ThreadId=1
    DateTime=2015-05-11T14:35:46.9980989Z
ScriptEditor.exe Error: 2 : IsOffline stop
    ProcessId=6932
    ThreadId=1
    DateTime=2015-05-11T14:35:47.4577737Z
