******************************** Started ********************************
ScriptEditor.exe Error: 2 : CollectAndSend start
    ProcessId=8244
    ThreadId=1
    DateTime=2015-03-11T16:10:54.7230114Z
ScriptEditor.exe Error: 2 : CollectAndSend stop
    ProcessId=8244
    ThreadId=1
    DateTime=2015-03-11T16:10:54.7230114Z
ScriptEditor.exe Error: 2 : CollectAndSend start
    ProcessId=8244
    ThreadId=1
    DateTime=2015-03-11T16:10:54.7230114Z
ScriptEditor.exe Error: 2 : CollectAndSend stop
    ProcessId=8244
    ThreadId=1
    DateTime=2015-03-11T16:10:54.7230114Z
ScriptEditor.exe Error: 2 : IsOffline start
    ProcessId=8244
    ThreadId=1
    DateTime=2015-03-11T16:10:54.7230114Z
ScriptEditor.exe Error: 2 : IsOffline stop
    ProcessId=8244
    ThreadId=1
    DateTime=2015-03-11T16:10:55.1352970Z
