******************************** Started ********************************
ScriptEditor.exe Error: 2 : CollectAndSend start
    ProcessId=5964
    ThreadId=1
    DateTime=2015-05-10T01:36:10.5176300Z
ScriptEditor.exe Error: 2 : CollectAndSend stop
    ProcessId=5964
    ThreadId=1
    DateTime=2015-05-10T01:36:10.5176300Z
ScriptEditor.exe Error: 2 : CollectAndSend start
    ProcessId=5964
    ThreadId=1
    DateTime=2015-05-10T01:36:10.5176300Z
ScriptEditor.exe Error: 2 : CollectAndSend stop
    ProcessId=5964
    ThreadId=1
    DateTime=2015-05-10T01:36:10.5176300Z
ScriptEditor.exe Error: 2 : IsOffline start
    ProcessId=5964
    ThreadId=1
    DateTime=2015-05-10T01:36:10.5176300Z
ScriptEditor.exe Error: 2 : IsOffline stop
    ProcessId=5964
    ThreadId=1
    DateTime=2015-05-10T01:36:10.7364322Z
