******************************** Started ********************************
ScriptEditor.exe Error: 2 : CollectAndSend start
    ProcessId=6264
    ThreadId=1
    DateTime=2015-06-10T00:45:17.9910477Z
ScriptEditor.exe Error: 2 : CollectAndSend stop
    ProcessId=6264
    ThreadId=1
    DateTime=2015-06-10T00:45:17.9910477Z
ScriptEditor.exe Error: 2 : CollectAndSend start
    ProcessId=6264
    ThreadId=1
    DateTime=2015-06-10T00:45:17.9910477Z
ScriptEditor.exe Error: 2 : CollectAndSend stop
    ProcessId=6264
    ThreadId=1
    DateTime=2015-06-10T00:45:17.9910477Z
ScriptEditor.exe Error: 2 : IsOffline start
    ProcessId=6264
    ThreadId=1
    DateTime=2015-06-10T00:45:17.9910477Z
ScriptEditor.exe Error: 2 : IsOffline stop
    ProcessId=6264
    ThreadId=1
    DateTime=2015-06-10T00:45:18.7656449Z
