******************************** Started ********************************
ScriptEditor.exe Error: 2 : CollectAndSend start
    ProcessId=6288
    ThreadId=1
    DateTime=2015-05-10T01:27:00.5664979Z
ScriptEditor.exe Error: 2 : CollectAndSend stop
    ProcessId=6288
    ThreadId=1
    DateTime=2015-05-10T01:27:00.5664979Z
ScriptEditor.exe Error: 2 : CollectAndSend start
    ProcessId=6288
    ThreadId=1
    DateTime=2015-05-10T01:27:00.5664979Z
ScriptEditor.exe Error: 2 : CollectAndSend stop
    ProcessId=6288
    ThreadId=1
    DateTime=2015-05-10T01:27:00.5664979Z
ScriptEditor.exe Error: 2 : IsOffline start
    ProcessId=6288
    ThreadId=1
    DateTime=2015-05-10T01:27:00.5664979Z
ScriptEditor.exe Error: 2 : IsOffline stop
    ProcessId=6288
    ThreadId=1
    DateTime=2015-05-10T01:27:00.8165068Z
