******************************** Started ********************************
ScriptEditor.exe Error: 2 : CollectAndSend start
    ProcessId=6932
    ThreadId=1
    DateTime=2014-10-21T18:10:52.4086994Z
ScriptEditor.exe Error: 2 : CollectAndSend stop
    ProcessId=6932
    ThreadId=1
    DateTime=2014-10-21T18:10:52.4086994Z
ScriptEditor.exe Error: 2 : CollectAndSend start
    ProcessId=6932
    ThreadId=1
    DateTime=2014-10-21T18:10:52.4086994Z
ScriptEditor.exe Error: 2 : CollectAndSend stop
    ProcessId=6932
    ThreadId=1
    DateTime=2014-10-21T18:10:52.4086994Z
ScriptEditor.exe Error: 2 : IsOffline start
    ProcessId=6932
    ThreadId=1
    DateTime=2014-10-21T18:10:52.4086994Z
ScriptEditor.exe Error: 2 : IsOffline stop
    ProcessId=6932
    ThreadId=1
    DateTime=2014-10-21T18:10:58.2975984Z
