******************************** Started ********************************
ScriptEditor.exe Error: 2 : CollectAndSend start
    ProcessId=9792
    ThreadId=1
    DateTime=2015-05-11T14:38:21.8220083Z
ScriptEditor.exe Error: 2 : CollectAndSend stop
    ProcessId=9792
    ThreadId=1
    DateTime=2015-05-11T14:38:21.8220083Z
ScriptEditor.exe Error: 2 : CollectAndSend start
    ProcessId=9792
    ThreadId=1
    DateTime=2015-05-11T14:38:21.8220083Z
ScriptEditor.exe Error: 2 : CollectAndSend stop
    ProcessId=9792
    ThreadId=1
    DateTime=2015-05-11T14:38:21.8220083Z
ScriptEditor.exe Error: 2 : IsOffline start
    ProcessId=9792
    ThreadId=1
    DateTime=2015-05-11T14:38:21.8220083Z
ScriptEditor.exe Error: 2 : IsOffline stop
    ProcessId=9792
    ThreadId=1
    DateTime=2015-05-11T14:38:22.0512568Z
