******************************** Started ********************************
ScriptEditor.exe Error: 2 : CollectAndSend start
    ProcessId=8580
    ThreadId=1
    DateTime=2014-10-21T19:36:29.6684207Z
ScriptEditor.exe Error: 2 : CollectAndSend stop
    ProcessId=8580
    ThreadId=1
    DateTime=2014-10-21T19:36:29.6684207Z
ScriptEditor.exe Error: 2 : CollectAndSend start
    ProcessId=8580
    ThreadId=1
    DateTime=2014-10-21T19:36:29.6684207Z
ScriptEditor.exe Error: 2 : CollectAndSend stop
    ProcessId=8580
    ThreadId=1
    DateTime=2014-10-21T19:36:29.6684207Z
ScriptEditor.exe Error: 2 : IsOffline start
    ProcessId=8580
    ThreadId=1
    DateTime=2014-10-21T19:36:29.6684207Z
ScriptEditor.exe Error: 2 : IsOffline stop
    ProcessId=8580
    ThreadId=1
    DateTime=2014-10-21T19:36:29.9028791Z
