******************************** Started ********************************
ScriptEditor.exe Error: 2 : CollectAndSend start
    ProcessId=7416
    ThreadId=1
    DateTime=2015-05-10T01:33:22.8205370Z
ScriptEditor.exe Error: 2 : CollectAndSend stop
    ProcessId=7416
    ThreadId=1
    DateTime=2015-05-10T01:33:22.8205370Z
ScriptEditor.exe Error: 2 : CollectAndSend start
    ProcessId=7416
    ThreadId=1
    DateTime=2015-05-10T01:33:22.8205370Z
ScriptEditor.exe Error: 2 : CollectAndSend stop
    ProcessId=7416
    ThreadId=1
    DateTime=2015-05-10T01:33:22.8205370Z
ScriptEditor.exe Error: 2 : IsOffline start
    ProcessId=7416
    ThreadId=1
    DateTime=2015-05-10T01:33:22.8205370Z
ScriptEditor.exe Error: 2 : IsOffline stop
    ProcessId=7416
    ThreadId=1
    DateTime=2015-05-10T01:33:22.9611937Z
