******************************** Started ********************************
ScriptEditor.exe Error: 2 : CollectAndSend start
    ProcessId=25532
    ThreadId=1
    DateTime=2015-10-13T19:14:59.2002934Z
ScriptEditor.exe Error: 2 : CollectAndSend stop
    ProcessId=25532
    ThreadId=1
    DateTime=2015-10-13T19:14:59.2002934Z
ScriptEditor.exe Error: 2 : CollectAndSend start
    ProcessId=25532
    ThreadId=1
    DateTime=2015-10-13T19:14:59.2002934Z
ScriptEditor.exe Error: 2 : CollectAndSend stop
    ProcessId=25532
    ThreadId=1
    DateTime=2015-10-13T19:14:59.2002934Z
ScriptEditor.exe Error: 2 : IsOffline start
    ProcessId=25532
    ThreadId=1
    DateTime=2015-10-13T19:14:59.2002934Z
ScriptEditor.exe Error: 2 : IsOffline stop
    ProcessId=25532
    ThreadId=1
    DateTime=2015-10-13T19:14:59.5458292Z
