******************************** Started ********************************
ScriptEditor.exe Error: 2 : CollectAndSend start
    ProcessId=12748
    ThreadId=1
    DateTime=2014-10-22T13:42:08.0649328Z
ScriptEditor.exe Error: 2 : CollectAndSend stop
    ProcessId=12748
    ThreadId=1
    DateTime=2014-10-22T13:42:08.0659335Z
ScriptEditor.exe Error: 2 : CollectAndSend start
    ProcessId=12748
    ThreadId=1
    DateTime=2014-10-22T13:42:08.0659335Z
ScriptEditor.exe Error: 2 : CollectAndSend stop
    ProcessId=12748
    ThreadId=1
    DateTime=2014-10-22T13:42:08.0659335Z
ScriptEditor.exe Error: 2 : IsOffline start
    ProcessId=12748
    ThreadId=1
    DateTime=2014-10-22T13:42:08.0659335Z
ScriptEditor.exe Error: 2 : IsOffline stop
    ProcessId=12748
    ThreadId=1
    DateTime=2014-10-22T13:42:08.6675696Z
