******************************** Started ********************************
ScriptEditor.exe Error: 2 : CollectAndSend start
    ProcessId=9796
    ThreadId=1
    DateTime=2014-12-18T20:17:21.2316167Z
ScriptEditor.exe Error: 2 : CollectAndSend stop
    ProcessId=9796
    ThreadId=1
    DateTime=2014-12-18T20:17:21.2316167Z
ScriptEditor.exe Error: 2 : CollectAndSend start
    ProcessId=9796
    ThreadId=1
    DateTime=2014-12-18T20:17:21.2316167Z
ScriptEditor.exe Error: 2 : CollectAndSend stop
    ProcessId=9796
    ThreadId=1
    DateTime=2014-12-18T20:17:21.2316167Z
ScriptEditor.exe Error: 2 : IsOffline start
    ProcessId=9796
    ThreadId=1
    DateTime=2014-12-18T20:17:21.2316167Z
ScriptEditor.exe Error: 2 : IsOffline stop
    ProcessId=9796
    ThreadId=1
    DateTime=2014-12-18T20:17:29.1255384Z
