******************************** Started ********************************
ScriptEditor.exe Error: 2 : CollectAndSend start
    ProcessId=21804
    ThreadId=1
    DateTime=2015-07-09T21:30:13.0508746Z
ScriptEditor.exe Error: 2 : CollectAndSend stop
    ProcessId=21804
    ThreadId=1
    DateTime=2015-07-09T21:30:13.0508746Z
ScriptEditor.exe Error: 2 : CollectAndSend start
    ProcessId=21804
    ThreadId=1
    DateTime=2015-07-09T21:30:13.0508746Z
ScriptEditor.exe Error: 2 : CollectAndSend stop
    ProcessId=21804
    ThreadId=1
    DateTime=2015-07-09T21:30:13.0508746Z
ScriptEditor.exe Error: 2 : IsOffline start
    ProcessId=21804
    ThreadId=1
    DateTime=2015-07-09T21:30:13.0508746Z
ScriptEditor.exe Error: 2 : IsOffline stop
    ProcessId=21804
    ThreadId=1
    DateTime=2015-07-09T21:30:20.7106822Z
