******************************** Started ********************************
ScriptEditor.exe Error: 2 : CollectAndSend start
    ProcessId=6784
    ThreadId=1
    DateTime=2015-05-10T01:09:19.5331264Z
ScriptEditor.exe Error: 2 : CollectAndSend stop
    ProcessId=6784
    ThreadId=1
    DateTime=2015-05-10T01:09:19.5331264Z
ScriptEditor.exe Error: 2 : CollectAndSend start
    ProcessId=6784
    ThreadId=1
    DateTime=2015-05-10T01:09:19.5331264Z
ScriptEditor.exe Error: 2 : CollectAndSend stop
    ProcessId=6784
    ThreadId=1
    DateTime=2015-05-10T01:09:19.5331264Z
ScriptEditor.exe Error: 2 : IsOffline start
    ProcessId=6784
    ThreadId=1
    DateTime=2015-05-10T01:09:19.5331264Z
ScriptEditor.exe Error: 2 : IsOffline stop
    ProcessId=6784
    ThreadId=1
    DateTime=2015-05-10T01:09:19.7518799Z
