******************************** Started ********************************
ScriptEditor.exe Error: 2 : CollectAndSend start
    ProcessId=8968
    ThreadId=1
    DateTime=2015-03-30T16:39:00.5179669Z
ScriptEditor.exe Error: 2 : CollectAndSend stop
    ProcessId=8968
    ThreadId=1
    DateTime=2015-03-30T16:39:00.5179669Z
ScriptEditor.exe Error: 2 : CollectAndSend start
    ProcessId=8968
    ThreadId=1
    DateTime=2015-03-30T16:39:00.5179669Z
ScriptEditor.exe Error: 2 : CollectAndSend stop
    ProcessId=8968
    ThreadId=1
    DateTime=2015-03-30T16:39:00.5179669Z
ScriptEditor.exe Error: 2 : IsOffline start
    ProcessId=8968
    ThreadId=1
    DateTime=2015-03-30T16:39:00.5179669Z
ScriptEditor.exe Error: 2 : IsOffline stop
    ProcessId=8968
    ThreadId=1
    DateTime=2015-03-30T16:39:00.7242184Z
