******************************** Started ********************************
ScriptEditor.exe Error: 2 : CollectAndSend start
    ProcessId=4028
    ThreadId=1
    DateTime=2015-07-29T20:23:52.3792259Z
ScriptEditor.exe Error: 2 : CollectAndSend stop
    ProcessId=4028
    ThreadId=1
    DateTime=2015-07-29T20:23:52.3792259Z
ScriptEditor.exe Error: 2 : CollectAndSend start
    ProcessId=4028
    ThreadId=1
    DateTime=2015-07-29T20:23:52.3792259Z
ScriptEditor.exe Error: 2 : CollectAndSend stop
    ProcessId=4028
    ThreadId=1
    DateTime=2015-07-29T20:23:52.3792259Z
ScriptEditor.exe Error: 2 : IsOffline start
    ProcessId=4028
    ThreadId=1
    DateTime=2015-07-29T20:23:52.3792259Z
ScriptEditor.exe Error: 2 : IsOffline stop
    ProcessId=4028
    ThreadId=1
    DateTime=2015-07-29T20:23:53.1621238Z
