******************************** Started ********************************
ScriptEditor.exe Error: 2 : CollectAndSend start
    ProcessId=5780
    ThreadId=1
    DateTime=2014-10-21T18:14:13.8115327Z
ScriptEditor.exe Error: 2 : CollectAndSend stop
    ProcessId=5780
    ThreadId=1
    DateTime=2014-10-21T18:14:13.8115327Z
ScriptEditor.exe Error: 2 : CollectAndSend start
    ProcessId=5780
    ThreadId=1
    DateTime=2014-10-21T18:14:13.8115327Z
ScriptEditor.exe Error: 2 : CollectAndSend stop
    ProcessId=5780
    ThreadId=1
    DateTime=2014-10-21T18:14:13.8115327Z
ScriptEditor.exe Error: 2 : IsOffline start
    ProcessId=5780
    ThreadId=1
    DateTime=2014-10-21T18:14:13.8115327Z
ScriptEditor.exe Error: 2 : IsOffline stop
    ProcessId=5780
    ThreadId=1
    DateTime=2014-10-21T18:14:17.0143420Z
