******************************** Started ********************************
ScriptEditor.exe Error: 2 : CollectAndSend start
    ProcessId=18024
    ThreadId=1
    DateTime=2015-03-30T16:11:34.2082916Z
ScriptEditor.exe Error: 2 : CollectAndSend stop
    ProcessId=18024
    ThreadId=1
    DateTime=2015-03-30T16:11:34.2082916Z
ScriptEditor.exe Error: 2 : CollectAndSend start
    ProcessId=18024
    ThreadId=1
    DateTime=2015-03-30T16:11:34.2082916Z
ScriptEditor.exe Error: 2 : CollectAndSend stop
    ProcessId=18024
    ThreadId=1
    DateTime=2015-03-30T16:11:34.2082916Z
ScriptEditor.exe Error: 2 : IsOffline start
    ProcessId=18024
    ThreadId=1
    DateTime=2015-03-30T16:11:34.2092927Z
ScriptEditor.exe Error: 2 : IsOffline stop
    ProcessId=18024
    ThreadId=1
    DateTime=2015-03-30T16:11:34.5692725Z
