******************************** Started ********************************
ScriptEditor.exe Error: 2 : CollectAndSend start
    ProcessId=8288
    ThreadId=1
    DateTime=2015-10-02T20:51:12.6243672Z
ScriptEditor.exe Error: 2 : CollectAndSend stop
    ProcessId=8288
    ThreadId=1
    DateTime=2015-10-02T20:51:12.6243672Z
ScriptEditor.exe Error: 2 : CollectAndSend start
    ProcessId=8288
    ThreadId=1
    DateTime=2015-10-02T20:51:12.6243672Z
ScriptEditor.exe Error: 2 : CollectAndSend stop
    ProcessId=8288
    ThreadId=1
    DateTime=2015-10-02T20:51:12.6243672Z
ScriptEditor.exe Error: 2 : IsOffline start
    ProcessId=8288
    ThreadId=1
    DateTime=2015-10-02T20:51:12.6243672Z
ScriptEditor.exe Error: 2 : IsOffline stop
    ProcessId=8288
    ThreadId=1
    DateTime=2015-10-02T20:51:12.7805934Z
