******************************** Started ********************************
ScriptEditor.exe Error: 2 : CollectAndSend start
    ProcessId=9540
    ThreadId=1
    DateTime=2015-07-31T16:54:48.5426313Z
ScriptEditor.exe Error: 2 : CollectAndSend stop
    ProcessId=9540
    ThreadId=1
    DateTime=2015-07-31T16:54:48.5426313Z
ScriptEditor.exe Error: 2 : CollectAndSend start
    ProcessId=9540
    ThreadId=1
    DateTime=2015-07-31T16:54:48.5426313Z
ScriptEditor.exe Error: 2 : CollectAndSend stop
    ProcessId=9540
    ThreadId=1
    DateTime=2015-07-31T16:54:48.5426313Z
ScriptEditor.exe Error: 2 : IsOffline start
    ProcessId=9540
    ThreadId=1
    DateTime=2015-07-31T16:54:48.5426313Z
ScriptEditor.exe Error: 2 : IsOffline stop
    ProcessId=9540
    ThreadId=1
    DateTime=2015-07-31T16:54:49.1400991Z
