******************************** Started ********************************
ScriptEditor.exe Error: 2 : CollectAndSend start
    ProcessId=4932
    ThreadId=1
    DateTime=2015-05-10T00:33:02.1999788Z
ScriptEditor.exe Error: 2 : CollectAndSend stop
    ProcessId=4932
    ThreadId=1
    DateTime=2015-05-10T00:33:02.2155916Z
ScriptEditor.exe Error: 2 : CollectAndSend start
    ProcessId=4932
    ThreadId=1
    DateTime=2015-05-10T00:33:02.2155916Z
ScriptEditor.exe Error: 2 : CollectAndSend stop
    ProcessId=4932
    ThreadId=1
    DateTime=2015-05-10T00:33:02.2155916Z
ScriptEditor.exe Error: 2 : IsOffline start
    ProcessId=4932
    ThreadId=1
    DateTime=2015-05-10T00:33:02.2155916Z
ScriptEditor.exe Error: 2 : IsOffline stop
    ProcessId=4932
    ThreadId=1
    DateTime=2015-05-10T00:33:02.7468840Z
