******************************** Started ********************************
ScriptEditor.exe Error: 2 : CollectAndSend start
    ProcessId=42208
    ThreadId=1
    DateTime=2015-07-13T21:21:05.8457004Z
ScriptEditor.exe Error: 2 : CollectAndSend stop
    ProcessId=42208
    ThreadId=1
    DateTime=2015-07-13T21:21:05.8467016Z
ScriptEditor.exe Error: 2 : CollectAndSend start
    ProcessId=42208
    ThreadId=1
    DateTime=2015-07-13T21:21:05.8467016Z
ScriptEditor.exe Error: 2 : CollectAndSend stop
    ProcessId=42208
    ThreadId=1
    DateTime=2015-07-13T21:21:05.8467016Z
ScriptEditor.exe Error: 2 : IsOffline start
    ProcessId=42208
    ThreadId=1
    DateTime=2015-07-13T21:21:05.8477006Z
ScriptEditor.exe Error: 2 : IsOffline stop
    ProcessId=42208
    ThreadId=1
    DateTime=2015-07-13T21:21:06.3674442Z
