******************************** Started ********************************
ScriptEditor.exe Error: 2 : CollectAndSend start
    ProcessId=7196
    ThreadId=1
    DateTime=2015-05-10T01:03:35.6232551Z
ScriptEditor.exe Error: 2 : CollectAndSend stop
    ProcessId=7196
    ThreadId=1
    DateTime=2015-05-10T01:03:35.6232551Z
ScriptEditor.exe Error: 2 : CollectAndSend start
    ProcessId=7196
    ThreadId=1
    DateTime=2015-05-10T01:03:35.6232551Z
ScriptEditor.exe Error: 2 : CollectAndSend stop
    ProcessId=7196
    ThreadId=1
    DateTime=2015-05-10T01:03:35.6232551Z
ScriptEditor.exe Error: 2 : IsOffline start
    ProcessId=7196
    ThreadId=1
    DateTime=2015-05-10T01:03:35.6232551Z
ScriptEditor.exe Error: 2 : IsOffline stop
    ProcessId=7196
    ThreadId=1
    DateTime=2015-05-10T01:03:35.7482542Z
