******************************** Started ********************************
ScriptEditor.exe Error: 2 : CollectAndSend start
    ProcessId=7712
    ThreadId=1
    DateTime=2015-05-10T01:23:56.7112413Z
ScriptEditor.exe Error: 2 : CollectAndSend stop
    ProcessId=7712
    ThreadId=1
    DateTime=2015-05-10T01:23:56.7112413Z
ScriptEditor.exe Error: 2 : CollectAndSend start
    ProcessId=7712
    ThreadId=1
    DateTime=2015-05-10T01:23:56.7112413Z
ScriptEditor.exe Error: 2 : CollectAndSend stop
    ProcessId=7712
    ThreadId=1
    DateTime=2015-05-10T01:23:56.7112413Z
ScriptEditor.exe Error: 2 : IsOffline start
    ProcessId=7712
    ThreadId=1
    DateTime=2015-05-10T01:23:56.7112413Z
ScriptEditor.exe Error: 2 : IsOffline stop
    ProcessId=7712
    ThreadId=1
    DateTime=2015-05-10T01:23:56.9144102Z
