******************************** Started ********************************
AdminConsole.exe Error: 2 : CollectAndSend start
    ProcessId=120
    ThreadId=1
    DateTime=2015-09-03T14:32:16.0168578Z
AdminConsole.exe Error: 2 : CollectAndSend stop
    ProcessId=120
    ThreadId=1
    DateTime=2015-09-03T14:32:16.0178516Z
AdminConsole.exe Error: 2 : CollectAndSend start
    ProcessId=120
    ThreadId=1
    DateTime=2015-09-03T14:32:16.0178516Z
AdminConsole.exe Error: 2 : CollectAndSend stop
    ProcessId=120
    ThreadId=1
    DateTime=2015-09-03T14:32:16.0178516Z
AdminConsole.exe Error: 2 : IsOffline start
    ProcessId=120
    ThreadId=1
    DateTime=2015-09-03T14:32:16.0178516Z
AdminConsole.exe Error: 2 : IsOffline stop
    ProcessId=120
    ThreadId=1
    DateTime=2015-09-03T14:32:16.3518166Z
