******************************** Started ********************************
ScriptEditor.exe Error: 2 : CollectAndSend start
    ProcessId=10184
    ThreadId=1
    DateTime=2015-01-26T16:09:38.2106134Z
ScriptEditor.exe Error: 2 : CollectAndSend stop
    ProcessId=10184
    ThreadId=1
    DateTime=2015-01-26T16:09:38.2106134Z
ScriptEditor.exe Error: 2 : CollectAndSend start
    ProcessId=10184
    ThreadId=1
    DateTime=2015-01-26T16:09:38.2106134Z
ScriptEditor.exe Error: 2 : CollectAndSend stop
    ProcessId=10184
    ThreadId=1
    DateTime=2015-01-26T16:09:38.2106134Z
ScriptEditor.exe Error: 2 : IsOffline start
    ProcessId=10184
    ThreadId=1
    DateTime=2015-01-26T16:09:38.2106134Z
ScriptEditor.exe Error: 2 : IsOffline stop
    ProcessId=10184
    ThreadId=1
    DateTime=2015-01-26T16:09:38.6012400Z
