******************************** Started ********************************
ScriptEditor.exe Error: 2 : CollectAndSend start
    ProcessId=2660
    ThreadId=1
    DateTime=2015-04-17T18:10:54.6703246Z
ScriptEditor.exe Error: 2 : CollectAndSend stop
    ProcessId=2660
    ThreadId=1
    DateTime=2015-04-17T18:10:54.6703246Z
ScriptEditor.exe Error: 2 : CollectAndSend start
    ProcessId=2660
    ThreadId=1
    DateTime=2015-04-17T18:10:54.6703246Z
ScriptEditor.exe Error: 2 : CollectAndSend stop
    ProcessId=2660
    ThreadId=1
    DateTime=2015-04-17T18:10:54.6703246Z
ScriptEditor.exe Error: 2 : IsOffline start
    ProcessId=2660
    ThreadId=1
    DateTime=2015-04-17T18:10:54.6703246Z
ScriptEditor.exe Error: 2 : IsOffline stop
    ProcessId=2660
    ThreadId=1
    DateTime=2015-04-17T18:10:55.0954344Z
