******************************** Started ********************************
ScriptEditor.exe Error: 2 : CollectAndSend start
    ProcessId=10436
    ThreadId=1
    DateTime=2014-12-23T19:17:24.9570601Z
ScriptEditor.exe Error: 2 : CollectAndSend stop
    ProcessId=10436
    ThreadId=1
    DateTime=2014-12-23T19:17:24.9570601Z
ScriptEditor.exe Error: 2 : CollectAndSend start
    ProcessId=10436
    ThreadId=1
    DateTime=2014-12-23T19:17:24.9570601Z
ScriptEditor.exe Error: 2 : CollectAndSend stop
    ProcessId=10436
    ThreadId=1
    DateTime=2014-12-23T19:17:24.9570601Z
ScriptEditor.exe Error: 2 : IsOffline start
    ProcessId=10436
    ThreadId=1
    DateTime=2014-12-23T19:17:24.9570601Z
ScriptEditor.exe Error: 2 : IsOffline stop
    ProcessId=10436
    ThreadId=1
    DateTime=2014-12-23T19:17:25.4459313Z
