******************************** Started ********************************
ScriptEditor.exe Error: 2 : CollectAndSend start
    ProcessId=64092
    ThreadId=1
    DateTime=2015-07-02T20:09:44.1517915Z
ScriptEditor.exe Error: 2 : CollectAndSend stop
    ProcessId=64092
    ThreadId=1
    DateTime=2015-07-02T20:09:44.1517915Z
ScriptEditor.exe Error: 2 : CollectAndSend start
    ProcessId=64092
    ThreadId=1
    DateTime=2015-07-02T20:09:44.1517915Z
ScriptEditor.exe Error: 2 : CollectAndSend stop
    ProcessId=64092
    ThreadId=1
    DateTime=2015-07-02T20:09:44.1517915Z
ScriptEditor.exe Error: 2 : IsOffline start
    ProcessId=64092
    ThreadId=1
    DateTime=2015-07-02T20:09:44.1517915Z
ScriptEditor.exe Error: 2 : IsOffline stop
    ProcessId=64092
    ThreadId=1
    DateTime=2015-07-02T20:09:50.7988998Z
