******************************** Started ********************************
ScriptEditor.exe Error: 2 : CollectAndSend start
    ProcessId=3156
    ThreadId=1
    DateTime=2014-10-23T20:11:19.3465085Z
ScriptEditor.exe Error: 2 : CollectAndSend stop
    ProcessId=3156
    ThreadId=1
    DateTime=2014-10-23T20:11:19.3465085Z
ScriptEditor.exe Error: 2 : CollectAndSend start
    ProcessId=3156
    ThreadId=1
    DateTime=2014-10-23T20:11:19.3465085Z
ScriptEditor.exe Error: 2 : CollectAndSend stop
    ProcessId=3156
    ThreadId=1
    DateTime=2014-10-23T20:11:19.3465085Z
ScriptEditor.exe Error: 2 : IsOffline start
    ProcessId=3156
    ThreadId=1
    DateTime=2014-10-23T20:11:19.3465085Z
ScriptEditor.exe Error: 2 : IsOffline stop
    ProcessId=3156
    ThreadId=1
    DateTime=2014-10-23T20:11:21.2058781Z
