******************************** Started ********************************
ScriptEditor.exe Error: 2 : CollectAndSend start
    ProcessId=7316
    ThreadId=1
    DateTime=2015-05-10T01:22:35.0370054Z
ScriptEditor.exe Error: 2 : CollectAndSend stop
    ProcessId=7316
    ThreadId=1
    DateTime=2015-05-10T01:22:35.0370054Z
ScriptEditor.exe Error: 2 : CollectAndSend start
    ProcessId=7316
    ThreadId=1
    DateTime=2015-05-10T01:22:35.0370054Z
ScriptEditor.exe Error: 2 : CollectAndSend stop
    ProcessId=7316
    ThreadId=1
    DateTime=2015-05-10T01:22:35.0370054Z
ScriptEditor.exe Error: 2 : IsOffline start
    ProcessId=7316
    ThreadId=1
    DateTime=2015-05-10T01:22:35.0370054Z
ScriptEditor.exe Error: 2 : IsOffline stop
    ProcessId=7316
    ThreadId=1
    DateTime=2015-05-10T01:22:35.2557773Z
