******************************** Started ********************************
ScriptEditor.exe Error: 2 : CollectAndSend start
    ProcessId=14376
    ThreadId=1
    DateTime=2015-04-28T21:05:31.9504613Z
ScriptEditor.exe Error: 2 : CollectAndSend stop
    ProcessId=14376
    ThreadId=1
    DateTime=2015-04-28T21:05:31.9614678Z
ScriptEditor.exe Error: 2 : CollectAndSend start
    ProcessId=14376
    ThreadId=1
    DateTime=2015-04-28T21:05:31.9624690Z
ScriptEditor.exe Error: 2 : CollectAndSend stop
    ProcessId=14376
    ThreadId=1
    DateTime=2015-04-28T21:05:31.9624690Z
ScriptEditor.exe Error: 2 : IsOffline start
    ProcessId=14376
    ThreadId=1
    DateTime=2015-04-28T21:05:31.9624690Z
ScriptEditor.exe Error: 2 : IsOffline stop
    ProcessId=14376
    ThreadId=1
    DateTime=2015-04-28T21:05:32.3921771Z
