******************************** Started ********************************
ScriptEditor.exe Error: 2 : CollectAndSend start
    ProcessId=13836
    ThreadId=1
    DateTime=2015-10-13T19:24:04.9217247Z
ScriptEditor.exe Error: 2 : CollectAndSend stop
    ProcessId=13836
    ThreadId=1
    DateTime=2015-10-13T19:24:04.9217247Z
ScriptEditor.exe Error: 2 : CollectAndSend start
    ProcessId=13836
    ThreadId=1
    DateTime=2015-10-13T19:24:04.9217247Z
ScriptEditor.exe Error: 2 : CollectAndSend stop
    ProcessId=13836
    ThreadId=1
    DateTime=2015-10-13T19:24:04.9217247Z
ScriptEditor.exe Error: 2 : IsOffline start
    ProcessId=13836
    ThreadId=1
    DateTime=2015-10-13T19:24:04.9217247Z
ScriptEditor.exe Error: 2 : IsOffline stop
    ProcessId=13836
    ThreadId=1
    DateTime=2015-10-13T19:24:05.2498555Z
