******************************** Started ********************************
ScriptEditor.exe Error: 2 : CollectAndSend start
    ProcessId=18648
    ThreadId=1
    DateTime=2015-09-17T17:40:11.9497488Z
ScriptEditor.exe Error: 2 : CollectAndSend stop
    ProcessId=18648
    ThreadId=1
    DateTime=2015-09-17T17:40:11.9507521Z
ScriptEditor.exe Error: 2 : CollectAndSend start
    ProcessId=18648
    ThreadId=1
    DateTime=2015-09-17T17:40:11.9507521Z
ScriptEditor.exe Error: 2 : CollectAndSend stop
    ProcessId=18648
    ThreadId=1
    DateTime=2015-09-17T17:40:11.9507521Z
ScriptEditor.exe Error: 2 : IsOffline start
    ProcessId=18648
    ThreadId=1
    DateTime=2015-09-17T17:40:11.9507521Z
ScriptEditor.exe Error: 2 : IsOffline stop
    ProcessId=18648
    ThreadId=1
    DateTime=2015-09-17T17:40:12.4410931Z
