******************************** Started ********************************
ScriptEditor.exe Error: 2 : CollectAndSend start
    ProcessId=1164
    ThreadId=1
    DateTime=2015-05-09T19:31:48.6962603Z
ScriptEditor.exe Error: 2 : CollectAndSend stop
    ProcessId=1164
    ThreadId=1
    DateTime=2015-05-09T19:31:48.6972610Z
ScriptEditor.exe Error: 2 : CollectAndSend start
    ProcessId=1164
    ThreadId=1
    DateTime=2015-05-09T19:31:48.6972610Z
ScriptEditor.exe Error: 2 : CollectAndSend stop
    ProcessId=1164
    ThreadId=1
    DateTime=2015-05-09T19:31:48.6972610Z
ScriptEditor.exe Error: 2 : IsOffline start
    ProcessId=1164
    ThreadId=1
    DateTime=2015-05-09T19:31:48.6972610Z
ScriptEditor.exe Error: 2 : IsOffline stop
    ProcessId=1164
    ThreadId=1
    DateTime=2015-05-09T19:31:49.5637571Z
