******************************** Started ********************************
ScriptEditor.exe Error: 2 : CollectAndSend start
    ProcessId=25524
    ThreadId=1
    DateTime=2015-10-07T19:24:58.8549704Z
ScriptEditor.exe Error: 2 : CollectAndSend stop
    ProcessId=25524
    ThreadId=1
    DateTime=2015-10-07T19:24:58.8549704Z
ScriptEditor.exe Error: 2 : Exception: 

System.ArgumentException: Illegal characters in path.
   at System.IO.Path.CheckInvalidPathChars(String path, Boolean checkAdditional)
   at System.IO.Path.IsPathRooted(String path)
   at Quest.PowerGUI.ScriptEditor.Shared.Editor.Intellisense.PathCompleter.PopulateMemberList(IntelliPromptMemberList memberList, String path)

    ProcessId=25524
    ThreadId=1
    DateTime=2015-10-15T15:46:16.3903724Z
ScriptEditor.exe Error: 2 : Exception: 

System.UriFormatException: Invalid URI: The format of the URI could not be determined.
   at System.Uri.CreateThis(String uri, Boolean dontEscape, UriKind uriKind)
   at Quest.PowerGUI.ScriptEditor.Shared.Editor.Intellisense.PathCompleter.PopulateMemberList(IntelliPromptMemberList memberList, String path)

    ProcessId=25524
    ThreadId=1
    DateTime=2015-10-15T16:02:52.0813503Z
ScriptEditor.exe Error: 2 : Exception: 

System.UriFormatException: Invalid URI: The hostname could not be parsed.
   at System.Uri.CreateThis(String uri, Boolean dontEscape, UriKind uriKind)
   at Quest.PowerGUI.ScriptEditor.Shared.Editor.Intellisense.PathCompleter.PopulateMemberList(IntelliPromptMemberList memberList, String path)

    ProcessId=25524
    ThreadId=1
    DateTime=2015-10-15T16:02:54.7143683Z
ScriptEditor.exe Error: 2 : Exception: 

System.UriFormatException: Invalid URI: The format of the URI could not be determined.
   at System.Uri.CreateThis(String uri, Boolean dontEscape, UriKind uriKind)
   at Quest.PowerGUI.ScriptEditor.Shared.Editor.Intellisense.PathCompleter.PopulateMemberList(IntelliPromptMemberList memberList, String path)

    ProcessId=25524
    ThreadId=1
    DateTime=2015-10-15T16:05:48.7345234Z
ScriptEditor.exe Error: 2 : Exception: 

System.UriFormatException: Invalid URI: The hostname could not be parsed.
   at System.Uri.CreateThis(String uri, Boolean dontEscape, UriKind uriKind)
   at Quest.PowerGUI.ScriptEditor.Shared.Editor.Intellisense.PathCompleter.PopulateMemberList(IntelliPromptMemberList memberList, String path)

    ProcessId=25524
    ThreadId=1
    DateTime=2015-10-15T16:06:35.6956504Z
ScriptEditor.exe Error: 2 : Exception: 

System.UriFormatException: Invalid URI: The format of the URI could not be determined.
   at System.Uri.CreateThis(String uri, Boolean dontEscape, UriKind uriKind)
   at Quest.PowerGUI.ScriptEditor.Shared.Editor.Intellisense.PathCompleter.PopulateMemberList(IntelliPromptMemberList memberList, String path)

    ProcessId=25524
    ThreadId=1
    DateTime=2015-10-15T16:30:09.7539246Z
ScriptEditor.exe Error: 2 : Exception: 

System.UriFormatException: Invalid URI: The hostname could not be parsed.
   at System.Uri.CreateThis(String uri, Boolean dontEscape, UriKind uriKind)
   at Quest.PowerGUI.ScriptEditor.Shared.Editor.Intellisense.PathCompleter.PopulateMemberList(IntelliPromptMemberList memberList, String path)

    ProcessId=25524
    ThreadId=1
    DateTime=2015-10-15T16:30:13.2528728Z
ScriptEditor.exe Error: 2 : Exception: 

System.UriFormatException: Invalid URI: The hostname could not be parsed.
   at System.Uri.CreateThis(String uri, Boolean dontEscape, UriKind uriKind)
   at Quest.PowerGUI.ScriptEditor.Shared.Editor.Intellisense.PathCompleter.PopulateMemberList(IntelliPromptMemberList memberList, String path)

    ProcessId=25524
    ThreadId=1
    DateTime=2015-10-15T16:48:10.0045044Z
ScriptEditor.exe Error: 2 : CollectAndSend start
    ProcessId=25524
    ThreadId=1
    DateTime=2015-10-27T18:43:40.6045697Z
ScriptEditor.exe Error: 2 : CollectAndSend stop
    ProcessId=25524
    ThreadId=1
    DateTime=2015-10-27T18:43:40.6246573Z
